\BOOKMARK [1][-]{section.1}{\376\377\000\326\000z\000e\000t}{}% 1
\BOOKMARK [1][-]{section.2}{\376\377\000G\000i\000r\000i\001\137\000\040\000v\000e\000\040\000P\000r\000o\000j\000e\000n\000i\000n\000\040\000A\000m\000a\000c\001\061}{}% 2
\BOOKMARK [2][-]{subsection.2.1}{\376\377\000P\000r\000o\000b\000l\000e\000m\000\040\000T\000a\000n\001\061\000m\001\061}{section.2}% 3
\BOOKMARK [2][-]{subsection.2.2}{\376\377\000P\000r\000o\000j\000e\000n\000i\000n\000\040\000H\000e\000d\000e\000f\000l\000e\000r\000i\000\040\000\050\000B\000a\001\137\000a\000r\001\061\000\040\000\326\000l\000\347\000\374\000t\000l\000e\000r\000i\000\051}{section.2}% 4
\BOOKMARK [1][-]{section.3}{\376\377\000T\000e\000l\000e\000k\000o\000m\000\040\000D\000o\000m\000a\000i\000n\000\040\000B\000i\000l\000g\000i\000l\000e\000r\000i\000\040\000\050\000M\000a\000k\000a\000l\000e\000d\000e\000n\000\051}{}% 5
\BOOKMARK [2][-]{subsection.3.1}{\376\377\000F\000M\000C\000W\000\040\000R\000a\000d\000a\000r\000\040\000\307\000a\000l\001\061\001\137\000m\000a\000\040\000P\000r\000e\000n\000s\000i\000b\000i}{section.3}% 6
\BOOKMARK [2][-]{subsection.3.2}{\376\377\000M\000i\000k\000r\000o\000-\000D\000o\000p\000p\000l\000e\000r\000\040\001\060\000m\000z\000a}{section.3}% 7
\BOOKMARK [2][-]{subsection.3.3}{\376\377\000I\000F\000\040\000S\000i\000n\000y\000a\000l\000i\000n\000i\000n\000\040\000M\000a\000t\000e\000m\000a\000t\000i\000k\000s\000e\000l\000\040\000M\000o\000d\000e\000l\000i\000\040\000\050\000E\000q\000.\000\040\0006\000\051}{section.3}% 8
\BOOKMARK [2][-]{subsection.3.4}{\376\377\000V\000i\000b\000r\000a\000s\000y\000o\000n\000e\000l\000\040\000B\000i\000l\000e\001\137\000e\000n\000l\000e\000r\000i\000n\000\040\000A\000\347\001\061\000l\001\061\000m\001\061\000\040\000\050\000E\000q\000.\000\040\0001\0000\000\051}{section.3}% 9
\BOOKMARK [2][-]{subsection.3.5}{\376\377\000V\000e\000r\000i\000\040\000A\000r\000t\001\061\000r\000m\000a\000\040\000i\000\347\000i\000n\000\040\000P\000a\000r\000a\000m\000e\000t\000r\000e\000\040\000P\000e\000r\000t\000u\000r\000b\000a\000s\000y\000o\000n\000u\000\040\000\050\000E\000q\000.\000\040\0001\0002\000\051}{section.3}% 10
\BOOKMARK [2][-]{subsection.3.6}{\376\377\000M\000T\000I\000\040\000\050\000M\000o\000v\000i\000n\000g\000\040\000T\000a\000r\000g\000e\000t\000\040\000I\000n\000d\000i\000c\000a\000t\000o\000r\000\051\000\040\000F\000i\000l\000t\000r\000e\000s\000i\000\040\000\050\000E\000q\000.\000\040\0001\0005\000\051}{section.3}% 11
\BOOKMARK [2][-]{subsection.3.7}{\376\377\000A\000\347\001\061\000s\000a\000l\000\040\000E\000n\000t\000e\000g\000r\000a\000s\000y\000o\000n\000\040\000\050\000E\000q\000.\000\040\0001\0006\000\051}{section.3}% 12
\BOOKMARK [2][-]{subsection.3.8}{\376\377\000D\000o\000n\000a\000n\001\061\000m\000\040\000P\000a\000r\000a\000m\000e\000t\000r\000e\000l\000e\000r\000i\000\040\000\050\000T\000a\000b\000l\000e\000\040\000I\000\051}{section.3}% 13
\BOOKMARK [2][-]{subsection.3.9}{\376\377\000H\000e\000d\000e\000f\000\040\000S\001\061\000n\001\061\000f\000l\000a\000r\001\061\000\040\000v\000e\000\040\000M\000o\000d\000e\000l\000\040\000P\000a\000r\000a\000m\000e\000t\000r\000e\000l\000e\000r\000i\000\040\000\050\000T\000a\000b\000l\000e\000\040\000I\000I\000\051}{section.3}% 14
\BOOKMARK [2][-]{subsection.3.10}{\376\377\000V\000e\000r\000i\000\040\000\334\000r\000e\000t\000i\000m\000\040\000Z\000i\000n\000c\000i\000r\000l\000e\000r\000i}{section.3}% 15
\BOOKMARK [2][-]{subsection.3.11}{\376\377\000\326\000n\000e\000r\000i\000l\000e\000n\000\040\000C\000N\000N\000\040\000M\000i\000m\000a\000r\000i\000s\000i\000\040\000\050\000F\000i\000g\000.\000\040\0007\000\051}{section.3}% 16
\BOOKMARK [2][-]{subsection.3.12}{\376\377\000P\000e\000r\000f\000o\000r\000m\000a\000n\000s\000\040\000M\000e\000t\000r\000i\000k\000l\000e\000r\000i\000\040\000\050\000E\000q\000.\000\040\0002\0001\040\023\0002\0002\000\051}{section.3}% 17
\BOOKMARK [2][-]{subsection.3.13}{\376\377\000M\000a\000k\000a\000l\000e\000n\000i\000n\000\040\000R\000a\000p\000o\000r\000l\000a\000d\001\061\001\037\001\061\000\040\000S\000o\000n\000u\000\347\000l\000a\000r}{section.3}% 18
\BOOKMARK [1][-]{section.4}{\376\377\000B\000i\000z\000i\000m\000\040\000T\000e\000l\000e\000k\000o\000m\000\040\000T\000a\000s\000a\000r\001\061\000m\000\040\000K\000a\000r\000a\000r\000l\000a\000r\001\061\000m\001\061\000z\000\040\000v\000e\000\040\000Y\000o\000r\000u\000m\000l\000a\000r\001\061\000m\001\061\000z}{}% 19
\BOOKMARK [2][-]{subsection.4.1}{\376\377\000E\000q\000.\000\040\0006\000'\000d\000a\000k\000i\000\040\0008\000/\000c\0000\000\040\000K\000a\000t\000s\000a\000y\001\061\000s\001\061}{section.4}% 20
\BOOKMARK [2][-]{subsection.4.2}{\376\377\000C\000a\000r\000r\000i\000e\000r\000\040\000R\000o\000u\000n\000d\000-\000T\000r\000i\000p\000\040\000T\000e\000r\000i\000m\000i\000\040\000\050\0004\000/\000\051\000R\000\050\000t\000\051}{section.4}% 21
\BOOKMARK [2][-]{subsection.4.3}{\376\377\000M\000e\000n\000z\000i\000l\000\040\000\307\000\366\000z\000\374\000n\000\374\000r\000l\000\374\001\037\000\374}{section.4}% 22
\BOOKMARK [2][-]{subsection.4.4}{\376\377\000A\000u\000g\000m\000e\000n\000t\000a\000t\000i\000o\000n\000\040\000\050\000E\000q\000.\000\040\0001\0002\000\051\000\040\000U\000y\000g\000u\000l\000a\000m\000a\000s\001\061}{section.4}% 23
\BOOKMARK [2][-]{subsection.4.5}{\376\377\000M\000T\000I\000\040\000Y\000o\000r\000u\000m\000u\000\040\040\024\000\040\000M\000a\000g\000n\000i\000t\000u\000d\000e\000\040\000\050\000N\000o\000n\000-\000C\000o\000h\000e\000r\000e\000n\000t\000\051\000\040\000M\000T\000I}{section.4}% 24
\BOOKMARK [2][-]{subsection.4.6}{\376\377\000\326\000l\000\347\000\374\000m\000\040\000P\000r\000o\000x\000y\000'\000s\000i}{section.4}% 25
\BOOKMARK [1][-]{section.5}{\376\377\000P\000y\000t\000h\000o\000n\000\040\000K\000\374\000t\000\374\000p\000h\000a\000n\000e\000l\000e\000r\000i\000n\000e\000\040\000K\001\061\000s\000a\000\040\000G\000i\000r\000i\001\137}{}% 26
\BOOKMARK [1][-]{section.6}{\376\377\000P\000y\000t\000h\000o\000n\000\040\000S\000c\000r\000i\000p\000t\000'\000l\000e\000r\000i\000n\000i\000n\000\040\000D\000e\000t\000a\000y\000l\001\061\000\040\000A\000\347\001\061\000k\000l\000a\000m\000a\000s\001\061}{}% 27
\BOOKMARK [2][-]{subsection.6.1}{\376\377\000m\000a\000i\000n\000.\000p\000y\000\040\040\024\000\040\000S\000i\000n\000y\000a\000l\000\040\000M\000o\000d\000e\000l\000i\000\040\000v\000e\000\040\000V\000e\000r\000i\000\040\000\334\000r\000e\000t\000i\000c\000i}{section.6}% 28
\BOOKMARK [3][-]{subsubsection.6.1.1}{\376\377\000S\000a\000b\000i\000t\000l\000e\000r\000\040\000v\000e\000\040\000D\000o\000n\000a\000n\001\061\000m\000\040\000P\000a\000r\000a\000m\000e\000t\000r\000e\000l\000e\000r\000i}{subsection.6.1}% 29
\BOOKMARK [3][-]{subsubsection.6.1.2}{\376\377\000H\000e\000d\000e\000f\000\040\000S\001\061\000n\001\061\000f\000\040\000P\000a\000r\000a\000m\000e\000t\000r\000e\000l\000e\000r\000i\000\040\000\050\000T\000a\000b\000l\000e\000\040\000I\000I\000\051}{subsection.6.1}% 30
\BOOKMARK [3][-]{subsubsection.6.1.3}{\376\377\000Y\000a\000r\000d\001\061\000m\000c\001\061\000\040\000F\000o\000n\000k\000s\000i\000y\000o\000n\000l\000a\000r}{subsection.6.1}% 31
\BOOKMARK [3][-]{subsubsection.6.1.4}{\376\377\000P\000a\000r\000a\000m\000e\000t\000r\000e\000\040\000A\000u\000g\000m\000e\000n\000t\000a\000t\000i\000o\000n\000\040\000\050\000E\000q\000.\000\040\0001\0002\000\051}{subsection.6.1}% 32
\BOOKMARK [3][-]{subsubsection.6.1.5}{\376\377\000T\000e\000k\000\040\000M\000o\000t\000o\000r\000u\000n\000\040\000V\000i\000b\000r\000a\000s\000y\000o\000n\000u\000\040\000\050\000E\000q\000.\000\040\0001\0000\000\051}{subsection.6.1}% 33
\BOOKMARK [3][-]{subsubsection.6.1.6}{\376\377\000I\000F\000\040\000S\000i\000n\000y\000a\000l\000i\000n\000i\000n\000\040\000S\000e\000n\000t\000e\000z\000i\000\040\000\050\000E\000q\000.\000\040\0006\000\051}{subsection.6.1}% 34
\BOOKMARK [3][-]{subsubsection.6.1.7}{\376\377\000G\000a\000u\000s\000s\000\040\000B\000e\000y\000a\000z\000\040\000G\000\374\000r\000\374\000l\000t\000\374\000\040\000E\000k\000l\000e\000m\000e}{subsection.6.1}% 35
\BOOKMARK [3][-]{subsubsection.6.1.8}{\376\377\000P\000r\000o\000f\000i\000l\000\040\000\307\001\061\000k\000a\000r\000m\000a}{subsection.6.1}% 36
\BOOKMARK [3][-]{subsubsection.6.1.9}{\376\377\000F\000i\000g\000.\000\040\0002\000\040\000S\000e\000n\000t\000e\000t\000i\000k\000\040\000P\000r\000o\000f\000i\000l\000\040\000\334\000r\000e\000t\000i\000c\000i}{subsection.6.1}% 37
\BOOKMARK [3][-]{subsubsection.6.1.10}{\376\377\000F\000i\000g\000.\000\040\0006\000\040\000M\000T\000I\000\040\000P\000r\000o\000f\000i\000l\000\040\000\334\000r\000e\000t\000i\000c\000i}{subsection.6.1}% 38
\BOOKMARK [3][-]{subsubsection.6.1.11}{\376\377\000\326\000l\000\347\000\374\000m\000\040\000P\000r\000o\000x\000y\000'\000s\000i}{subsection.6.1}% 39
\BOOKMARK [3][-]{subsubsection.6.1.12}{\376\377\000T\000o\000p\000l\000u\000\040\000D\000a\000t\000a\000s\000e\000t\000\040\000\334\000r\000e\000t\000i\000c\000i}{subsection.6.1}% 40
\BOOKMARK [2][-]{subsection.6.2}{\376\377\000c\000n\000n\000\137\000m\000o\000d\000e\000l\000.\000p\000y\000\040\040\024\000\040\000C\000N\000N\000\040\000M\000i\000m\000a\000r\000i\000s\000i\000\040\000\050\000F\000i\000g\000.\000\040\0007\000\051}{section.6}% 41
\BOOKMARK [2][-]{subsection.6.3}{\376\377\000t\000r\000a\000i\000n\000.\000p\000y\000\040\040\024\000\040\000C\000N\000N\000\040\000E\001\037\000i\000t\000i\000m\000/\000D\000e\001\037\000e\000r\000l\000e\000n\000d\000i\000r\000m\000e}{section.6}% 42
\BOOKMARK [3][-]{subsubsection.6.3.1}{\376\377\000S\000a\000b\000i\000t\000l\000e\000r\000\040\000v\000e\000\040\000C\000i\000h\000a\000z\000\040\000S\000e\000\347\000i\000m\000i}{subsection.6.3}% 43
\BOOKMARK [3][-]{subsubsection.6.3.2}{\376\377\000m\000a\000k\000e\000\137\000d\000a\000t\000a\000s\000e\000t}{subsection.6.3}% 44
\BOOKMARK [3][-]{subsubsection.6.3.3}{\376\377\000m\000a\000k\000e\000\137\000l\000o\000a\000d\000e\000r\000s\000\040\040\024\000\040\000\045\0008\0000\000/\000\045\0001\0000\000/\000\045\0001\0000\000\040\000B\000\366\000l\000m\000e}{subsection.6.3}% 45
\BOOKMARK [3][-]{subsubsection.6.3.4}{\376\377\000e\000v\000a\000l\000u\000a\000t\000e\000\040\040\024\000\040\000L\000o\000s\000s\000\040\000+\000\040\000A\000c\000c\000u\000r\000a\000c\000y}{subsection.6.3}% 46
\BOOKMARK [3][-]{subsubsection.6.3.5}{\376\377\000c\000r\000o\000s\000s\000\137\000d\000o\000m\000a\000i\000n\000\137\000t\000e\000s\000t}{subsection.6.3}% 47
\BOOKMARK [3][-]{subsubsection.6.3.6}{\376\377\000t\000r\000a\000i\000n\000\137\000o\000n\000e\000\137\000s\000i\000g\000m\000a\000\040\040\024\000\040\000T\000e\000k\000\040\000P\000\040\000E\001\037\000i\000t\000i\000m\000\040\000A\000k\001\061\001\137\001\061}{subsection.6.3}% 48
\BOOKMARK [3][-]{subsubsection.6.3.7}{\376\377\000p\000l\000o\000t\000\137\000f\000i\000g\0001\0003\000\040\040\024\000\040\000P\000\040\000v\000s\000\040\000A\000c\000c\000u\000r\000a\000c\000y\000\040\000E\001\037\000r\000i\000s\000i}{subsection.6.3}% 49
\BOOKMARK [3][-]{subsubsection.6.3.8}{\376\377\000K\000o\000m\000u\000t\000\040\000S\000a\000t\001\061\000r\001\061\000\040\000A\000r\000g\000\374\000m\000a\000n\000l\000a\000r\001\061}{subsection.6.3}% 50
\BOOKMARK [2][-]{subsection.6.4}{\376\377\000t\000r\000a\000i\000n\000\137\000m\000l\000.\000p\000y\000\040\040\024\000\040\000S\000V\000M\000,\000\040\000N\000a\000i\000v\000e\000\040\000B\000a\000y\000e\000s\000,\000\040\000X\000G\000B\000o\000o\000s\000t}{section.6}% 51
\BOOKMARK [3][-]{subsubsection.6.4.1}{\376\377\000S\001\061\000n\001\061\000f\000l\000a\000n\000d\001\061\000r\001\061\000c\001\061\000l\000a\000r}{subsection.6.4}% 52
\BOOKMARK [3][-]{subsubsection.6.4.2}{\376\377\000T\000e\000k\000\040\000P\000\040\000K\000o\001\137\000u\000s\000u}{subsection.6.4}% 53
\BOOKMARK [3][-]{subsubsection.6.4.3}{\376\377\000S\000o\000n\000u\000\347\000\040\000T\000a\000b\000l\000o\000s\000u\000\040\000v\000e\000\040\000G\000r\000a\000f\000i\000k}{subsection.6.4}% 54
\BOOKMARK [2][-]{subsection.6.5}{\376\377\000v\000e\000r\000i\000f\000y\000\137\000p\000i\000p\000e\000l\000i\000n\000e\000.\000p\000y\000\040\040\024\000\040\000D\000o\001\037\000r\000u\000l\000a\000m\000a\000\040\000G\000\366\000r\000s\000e\000l\000l\000e\000r\000i}{section.6}% 55
\BOOKMARK [2][-]{subsection.6.6}{\376\377\000c\000l\000a\000s\000s\000\137\000d\000i\000f\000f\000.\000p\000y\000\040\040\024\000\040\000S\001\061\000n\001\061\000f\000\040\000F\000a\000r\000k\001\061\000\040\000G\000\366\000r\000s\000e\000l\000l\000e\001\137\000t\000i\000r\000m\000e\000s\000i}{section.6}% 56
\BOOKMARK [1][-]{section.7}{\376\377\000D\000e\000n\000e\000y\000s\000e\000l\000\040\000S\000o\000n\000u\000\347\000l\000a\000r}{}% 57
\BOOKMARK [2][-]{subsection.7.1}{\376\377\000S\000i\000n\000y\000a\000l\000\040\000M\000o\000d\000e\000l\000i\000n\000i\000n\000\040\000D\000o\001\037\000r\000u\000l\000a\000n\000m\000a\000s\001\061\000\040\000\050\000F\000i\000g\000.\000\040\0001\0001\000\040\000R\000e\000p\000r\000o\000d\000u\000k\000s\000i\000y\000o\000n\000u\000\051}{section.7}% 58
\BOOKMARK [2][-]{subsection.7.2}{\376\377\000S\001\061\000n\001\061\000f\000\040\000A\000y\001\061\000r\000t\000\040\000E\000d\000i\000l\000e\000b\000i\000l\000i\000r\000l\000i\001\037\000i}{section.7}% 59
\BOOKMARK [2][-]{subsection.7.3}{\376\377\000M\000L\000\040\000S\001\061\000n\001\061\000f\000l\000a\000n\000d\001\061\000r\001\061\000c\001\061\000\040\000S\000\374\000p\000\374\000r\000m\000e\000s\000i\000\040\000\050\000T\000a\000b\000l\000e\000\040\000I\000V\000\040\000R\000e\000p\000r\000o\000d\000u\000k\000s\000i\000y\000o\000n\000u\000\051}{section.7}% 60
\BOOKMARK [2][-]{subsection.7.4}{\376\377\000C\000N\000N\000\040\000P\000a\000p\000e\000r\000-\000A\000y\000a\000r\000\040\000K\000o\001\137\000u\000s\000u}{section.7}% 61
\BOOKMARK [2][-]{subsection.7.5}{\376\377\000C\000o\000n\000f\000u\000s\000i\000o\000n\000\040\000M\000a\000t\000r\000i\000x\000\040\000K\000a\000r\001\137\001\061\000l\000a\001\137\000t\001\061\000r\000m\000a\000s\001\061}{section.7}% 62
\BOOKMARK [1][-]{section.8}{\376\377\000B\000a\001\137\000a\000r\001\061\000\040\000\326\000l\000\347\000\374\000t\000l\000e\000r\000i\000\040\000\326\000z\000e\000t\000\040\000D\000e\001\037\000e\000r\000l\000e\000n\000d\000i\000r\000m\000e\000s\000i}{}% 63
\BOOKMARK [1][-]{section.9}{\376\377\000S\001\061\000n\001\061\000r\000l\001\061\000l\001\061\000k\000l\000a\000r\000\040\000v\000e\000\040\000T\000a\000r\000t\001\061\001\137\000m\000a}{}% 64
\BOOKMARK [1][-]{section.10}{\376\377\000K\000a\000y\000n\000a\000k\000l\000a\000r}{}% 65
